[2024-07-22 12:01:41,674] 224 werkzeug - INFO - [31m[1mWARNING: This is a development server. Do not use it in a production deployment. Use a production WSGI server instead.[0m
 * Running on all addresses (0.0.0.0)
 * Running on http://127.0.0.1:8080
 * Running on http://192.168.31.239:8080
[2024-07-22 12:01:41,675] 224 werkzeug - INFO - [33mPress CTRL+C to quit[0m
[2024-07-22 12:01:53,541] 224 werkzeug - INFO - 127.0.0.1 - - [22/Jul/2024 12:01:53] "GET / HTTP/1.1" 200 -
[2024-07-22 12:02:00,408] 224 werkzeug - INFO - 127.0.0.1 - - [22/Jul/2024 12:02:00] "GET /predict HTTP/1.1" 200 -
[2024-07-22 12:03:06,245] 1741 app - ERROR - Exception on /predict [POST]
Traceback (most recent call last):
  File "C:\Users\kisha\anaconda3\Lib\site-packages\flask\app.py", line 2525, in wsgi_app
    response = self.full_dispatch_request()
               ^^^^^^^^^^^^^^^^^^^^^^^^^^^^
  File "C:\Users\kisha\anaconda3\Lib\site-packages\flask\app.py", line 1822, in full_dispatch_request
    rv = self.handle_user_exception(e)
         ^^^^^^^^^^^^^^^^^^^^^^^^^^^^^
  File "C:\Users\kisha\anaconda3\Lib\site-packages\flask\app.py", line 1820, in full_dispatch_request
    rv = self.dispatch_request()
         ^^^^^^^^^^^^^^^^^^^^^^^
  File "C:\Users\kisha\anaconda3\Lib\site-packages\flask\app.py", line 1796, in dispatch_request
    return self.ensure_sync(self.view_functions[rule.endpoint])(**view_args)
           ^^^^^^^^^^^^^^^^^^^^^^^^^^^^^^^^^^^^^^^^^^^^^^^^^^^^^^^^^^^^^^^^^
  File "C:\Users\kisha\Desktop\stockpriceprediction\app.py", line 24, in predict_datapoint
    High=float(request.form.get("High")),
         ^^^^^^^^^^^^^^^^^^^^^^^^^^^^^^^
TypeError: float() argument must be a string or a real number, not 'NoneType'
[2024-07-22 12:03:06,248] 224 werkzeug - INFO - 127.0.0.1 - - [22/Jul/2024 12:03:06] "[35m[1mPOST /predict HTTP/1.1[0m" 500 -
[2024-07-22 12:05:15,673] 224 werkzeug - INFO - 127.0.0.1 - - [22/Jul/2024 12:05:15] "GET / HTTP/1.1" 200 -
[2024-07-22 12:05:21,339] 224 werkzeug - INFO - 127.0.0.1 - - [22/Jul/2024 12:05:21] "GET /predict HTTP/1.1" 200 -
[2024-07-22 12:05:36,395] 1741 app - ERROR - Exception on /predict [POST]
Traceback (most recent call last):
  File "C:\Users\kisha\anaconda3\Lib\site-packages\flask\app.py", line 2525, in wsgi_app
    response = self.full_dispatch_request()
               ^^^^^^^^^^^^^^^^^^^^^^^^^^^^
  File "C:\Users\kisha\anaconda3\Lib\site-packages\flask\app.py", line 1822, in full_dispatch_request
    rv = self.handle_user_exception(e)
         ^^^^^^^^^^^^^^^^^^^^^^^^^^^^^
  File "C:\Users\kisha\anaconda3\Lib\site-packages\flask\app.py", line 1820, in full_dispatch_request
    rv = self.dispatch_request()
         ^^^^^^^^^^^^^^^^^^^^^^^
  File "C:\Users\kisha\anaconda3\Lib\site-packages\flask\app.py", line 1796, in dispatch_request
    return self.ensure_sync(self.view_functions[rule.endpoint])(**view_args)
           ^^^^^^^^^^^^^^^^^^^^^^^^^^^^^^^^^^^^^^^^^^^^^^^^^^^^^^^^^^^^^^^^^
  File "C:\Users\kisha\Desktop\stockpriceprediction\app.py", line 24, in predict_datapoint
    High=float(request.form.get("High")),
         ^^^^^^^^^^^^^^^^^^^^^^^^^^^^^^^
TypeError: float() argument must be a string or a real number, not 'NoneType'
[2024-07-22 12:05:36,397] 224 werkzeug - INFO - 127.0.0.1 - - [22/Jul/2024 12:05:36] "[35m[1mPOST /predict HTTP/1.1[0m" 500 -
[2024-07-22 12:06:27,560] 224 werkzeug - INFO - 127.0.0.1 - - [22/Jul/2024 12:06:27] "GET /predict HTTP/1.1" 200 -
[2024-07-22 12:07:34,753] 1741 app - ERROR - Exception on /predict [POST]
Traceback (most recent call last):
  File "C:\Users\kisha\anaconda3\Lib\site-packages\flask\app.py", line 2525, in wsgi_app
    response = self.full_dispatch_request()
               ^^^^^^^^^^^^^^^^^^^^^^^^^^^^
  File "C:\Users\kisha\anaconda3\Lib\site-packages\flask\app.py", line 1822, in full_dispatch_request
    rv = self.handle_user_exception(e)
         ^^^^^^^^^^^^^^^^^^^^^^^^^^^^^
  File "C:\Users\kisha\anaconda3\Lib\site-packages\flask\app.py", line 1820, in full_dispatch_request
    rv = self.dispatch_request()
         ^^^^^^^^^^^^^^^^^^^^^^^
  File "C:\Users\kisha\anaconda3\Lib\site-packages\flask\app.py", line 1796, in dispatch_request
    return self.ensure_sync(self.view_functions[rule.endpoint])(**view_args)
           ^^^^^^^^^^^^^^^^^^^^^^^^^^^^^^^^^^^^^^^^^^^^^^^^^^^^^^^^^^^^^^^^^
  File "C:\Users\kisha\Desktop\stockpriceprediction\app.py", line 24, in predict_datapoint
    High=float(request.form.get("High")),
         ^^^^^^^^^^^^^^^^^^^^^^^^^^^^^^^
TypeError: float() argument must be a string or a real number, not 'NoneType'
[2024-07-22 12:07:34,755] 224 werkzeug - INFO - 127.0.0.1 - - [22/Jul/2024 12:07:34] "[35m[1mPOST /predict HTTP/1.1[0m" 500 -
[2024-07-22 12:14:54,983] 224 werkzeug - INFO - 127.0.0.1 - - [22/Jul/2024 12:14:54] "GET / HTTP/1.1" 200 -
[2024-07-22 12:15:11,902] 224 werkzeug - INFO - 127.0.0.1 - - [22/Jul/2024 12:15:11] "GET / HTTP/1.1" 200 -
[2024-07-22 12:15:15,461] 224 werkzeug - INFO - 127.0.0.1 - - [22/Jul/2024 12:15:15] "GET /predict HTTP/1.1" 200 -
[2024-07-22 12:15:39,773] 1741 app - ERROR - Exception on /predict [POST]
Traceback (most recent call last):
  File "C:\Users\kisha\anaconda3\Lib\site-packages\flask\app.py", line 2525, in wsgi_app
    response = self.full_dispatch_request()
               ^^^^^^^^^^^^^^^^^^^^^^^^^^^^
  File "C:\Users\kisha\anaconda3\Lib\site-packages\flask\app.py", line 1822, in full_dispatch_request
    rv = self.handle_user_exception(e)
         ^^^^^^^^^^^^^^^^^^^^^^^^^^^^^
  File "C:\Users\kisha\anaconda3\Lib\site-packages\flask\app.py", line 1820, in full_dispatch_request
    rv = self.dispatch_request()
         ^^^^^^^^^^^^^^^^^^^^^^^
  File "C:\Users\kisha\anaconda3\Lib\site-packages\flask\app.py", line 1796, in dispatch_request
    return self.ensure_sync(self.view_functions[rule.endpoint])(**view_args)
           ^^^^^^^^^^^^^^^^^^^^^^^^^^^^^^^^^^^^^^^^^^^^^^^^^^^^^^^^^^^^^^^^^
  File "C:\Users\kisha\Desktop\stockpriceprediction\app.py", line 24, in predict_datapoint
    High=float(request.form.get("High")),
         ^^^^^^^^^^^^^^^^^^^^^^^^^^^^^^^
TypeError: float() argument must be a string or a real number, not 'NoneType'
[2024-07-22 12:15:39,774] 224 werkzeug - INFO - 127.0.0.1 - - [22/Jul/2024 12:15:39] "[35m[1mPOST /predict HTTP/1.1[0m" 500 -
[2024-07-22 12:18:42,141] 224 werkzeug - INFO - 127.0.0.1 - - [22/Jul/2024 12:18:42] "GET / HTTP/1.1" 200 -
[2024-07-22 12:18:46,626] 224 werkzeug - INFO - 127.0.0.1 - - [22/Jul/2024 12:18:46] "GET /predict HTTP/1.1" 200 -
[2024-07-22 12:18:58,914] 1741 app - ERROR - Exception on /predict [POST]
Traceback (most recent call last):
  File "C:\Users\kisha\anaconda3\Lib\site-packages\flask\app.py", line 2525, in wsgi_app
    response = self.full_dispatch_request()
               ^^^^^^^^^^^^^^^^^^^^^^^^^^^^
  File "C:\Users\kisha\anaconda3\Lib\site-packages\flask\app.py", line 1822, in full_dispatch_request
    rv = self.handle_user_exception(e)
         ^^^^^^^^^^^^^^^^^^^^^^^^^^^^^
  File "C:\Users\kisha\anaconda3\Lib\site-packages\flask\app.py", line 1820, in full_dispatch_request
    rv = self.dispatch_request()
         ^^^^^^^^^^^^^^^^^^^^^^^
  File "C:\Users\kisha\anaconda3\Lib\site-packages\flask\app.py", line 1796, in dispatch_request
    return self.ensure_sync(self.view_functions[rule.endpoint])(**view_args)
           ^^^^^^^^^^^^^^^^^^^^^^^^^^^^^^^^^^^^^^^^^^^^^^^^^^^^^^^^^^^^^^^^^
  File "C:\Users\kisha\Desktop\stockpriceprediction\app.py", line 24, in predict_datapoint
    High=float(request.form.get("High")),
         ^^^^^^^^^^^^^^^^^^^^^^^^^^^^^^^
TypeError: float() argument must be a string or a real number, not 'NoneType'
[2024-07-22 12:18:58,916] 224 werkzeug - INFO - 127.0.0.1 - - [22/Jul/2024 12:18:58] "[35m[1mPOST /predict HTTP/1.1[0m" 500 -
[2024-07-22 12:24:01,006] 224 werkzeug - INFO - 127.0.0.1 - - [22/Jul/2024 12:24:01] "GET / HTTP/1.1" 200 -
[2024-07-22 12:24:04,156] 224 werkzeug - INFO - 127.0.0.1 - - [22/Jul/2024 12:24:04] "GET /predict HTTP/1.1" 200 -
[2024-07-22 12:24:19,771] 1741 app - ERROR - Exception on /predict [POST]
Traceback (most recent call last):
  File "C:\Users\kisha\anaconda3\Lib\site-packages\flask\app.py", line 2525, in wsgi_app
    response = self.full_dispatch_request()
               ^^^^^^^^^^^^^^^^^^^^^^^^^^^^
  File "C:\Users\kisha\anaconda3\Lib\site-packages\flask\app.py", line 1822, in full_dispatch_request
    rv = self.handle_user_exception(e)
         ^^^^^^^^^^^^^^^^^^^^^^^^^^^^^
  File "C:\Users\kisha\anaconda3\Lib\site-packages\flask\app.py", line 1820, in full_dispatch_request
    rv = self.dispatch_request()
         ^^^^^^^^^^^^^^^^^^^^^^^
  File "C:\Users\kisha\anaconda3\Lib\site-packages\flask\app.py", line 1796, in dispatch_request
    return self.ensure_sync(self.view_functions[rule.endpoint])(**view_args)
           ^^^^^^^^^^^^^^^^^^^^^^^^^^^^^^^^^^^^^^^^^^^^^^^^^^^^^^^^^^^^^^^^^
  File "C:\Users\kisha\Desktop\stockpriceprediction\app.py", line 24, in predict_datapoint
    High=float(request.form.get("High")),
         ^^^^^^^^^^^^^^^^^^^^^^^^^^^^^^^
TypeError: float() argument must be a string or a real number, not 'NoneType'
[2024-07-22 12:24:19,772] 224 werkzeug - INFO - 127.0.0.1 - - [22/Jul/2024 12:24:19] "[35m[1mPOST /predict HTTP/1.1[0m" 500 -
[2024-07-22 12:28:02,320] 224 werkzeug - INFO - 127.0.0.1 - - [22/Jul/2024 12:28:02] "GET / HTTP/1.1" 200 -
[2024-07-22 12:28:07,928] 224 werkzeug - INFO - 127.0.0.1 - - [22/Jul/2024 12:28:07] "GET /predict HTTP/1.1" 200 -
[2024-07-22 12:28:24,427] 1741 app - ERROR - Exception on /predict [POST]
Traceback (most recent call last):
  File "C:\Users\kisha\anaconda3\Lib\site-packages\flask\app.py", line 2525, in wsgi_app
    response = self.full_dispatch_request()
               ^^^^^^^^^^^^^^^^^^^^^^^^^^^^
  File "C:\Users\kisha\anaconda3\Lib\site-packages\flask\app.py", line 1822, in full_dispatch_request
    rv = self.handle_user_exception(e)
         ^^^^^^^^^^^^^^^^^^^^^^^^^^^^^
  File "C:\Users\kisha\anaconda3\Lib\site-packages\flask\app.py", line 1820, in full_dispatch_request
    rv = self.dispatch_request()
         ^^^^^^^^^^^^^^^^^^^^^^^
  File "C:\Users\kisha\anaconda3\Lib\site-packages\flask\app.py", line 1796, in dispatch_request
    return self.ensure_sync(self.view_functions[rule.endpoint])(**view_args)
           ^^^^^^^^^^^^^^^^^^^^^^^^^^^^^^^^^^^^^^^^^^^^^^^^^^^^^^^^^^^^^^^^^
  File "C:\Users\kisha\Desktop\stockpriceprediction\app.py", line 24, in predict_datapoint
    High=float(request.form.get("High")),
         ^^^^^^^^^^^^^^^^^^^^^^^^^^^^^^^
TypeError: float() argument must be a string or a real number, not 'NoneType'
[2024-07-22 12:28:24,430] 224 werkzeug - INFO - 127.0.0.1 - - [22/Jul/2024 12:28:24] "[35m[1mPOST /predict HTTP/1.1[0m" 500 -
